<?xml version="1.0" encoding="UTF-8"?>
<testsuite xmlns:xsi="http://www.w3.org/2001/XMLSchema-instance" xsi:noNamespaceSchemaLocation="https://maven.apache.org/surefire/maven-surefire-plugin/xsd/surefire-test-report.xsd" name="TestSuite" time="104.683" tests="33" errors="0" skipped="0" failures="0">
  <properties>
    <property name="java.runtime.name" value="Java(TM) SE Runtime Environment"/>
    <property name="sun.boot.library.path" value="/Library/Java/JavaVirtualMachines/jdk1.8.0_261.jdk/Contents/Home/jre/lib"/>
    <property name="java.vm.version" value="25.261-b12"/>
    <property name="gopherProxySet" value="false"/>
    <property name="java.vm.vendor" value="Oracle Corporation"/>
    <property name="maven.multiModuleProjectDirectory" value="/Users/naveenautomationlabs/Documents/workspace/Sept2020POMSeries"/>
    <property name="java.vendor.url" value="http://java.oracle.com/"/>
    <property name="path.separator" value=":"/>
    <property name="guice.disable.misplaced.annotation.check" value="true"/>
    <property name="java.vm.name" value="Java HotSpot(TM) 64-Bit Server VM"/>
    <property name="file.encoding.pkg" value="sun.io"/>
    <property name="user.country" value="IN"/>
    <property name="sun.java.launcher" value="SUN_STANDARD"/>
    <property name="sun.os.patch.level" value="unknown"/>
    <property name="java.vm.specification.name" value="Java Virtual Machine Specification"/>
    <property name="user.dir" value="/Users/naveenautomationlabs/Documents/workspace/Sept2020POMSeries"/>
    <property name="java.runtime.version" value="1.8.0_261-b12"/>
    <property name="java.awt.graphicsenv" value="sun.awt.CGraphicsEnvironment"/>
    <property name="java.endorsed.dirs" value="/Library/Java/JavaVirtualMachines/jdk1.8.0_261.jdk/Contents/Home/jre/lib/endorsed"/>
    <property name="os.arch" value="x86_64"/>
    <property name="java.io.tmpdir" value="/var/folders/_s/grkxq_lj10v_tqx8jd_71sl80000gn/T/"/>
    <property name="line.separator" value="&#10;"/>
    <property name="java.vm.specification.vendor" value="Oracle Corporation"/>
    <property name="os.name" value="Mac OS X"/>
    <property name="classworlds.conf" value="/usr/local/maven/apache-maven-3.6.3/bin/m2.conf"/>
    <property name="sun.jnu.encoding" value="UTF-8"/>
    <property name="java.library.path" value="/Users/naveenautomationlabs/Library/Java/Extensions:/Library/Java/Extensions:/Network/Library/Java/Extensions:/System/Library/Java/Extensions:/usr/lib/java:."/>
    <property name="maven.conf" value="/usr/local/maven/apache-maven-3.6.3/conf"/>
    <property name="java.specification.name" value="Java Platform API Specification"/>
    <property name="java.class.version" value="52.0"/>
    <property name="sun.management.compiler" value="HotSpot 64-Bit Tiered Compilers"/>
    <property name="os.version" value="10.15.6"/>
    <property name="library.jansi.path" value="/usr/local/maven/apache-maven-3.6.3/lib/jansi-native"/>
    <property name="http.nonProxyHosts" value="local|*.local|169.254/16|*.169.254/16"/>
    <property name="user.home" value="/Users/naveenautomationlabs"/>
    <property name="user.timezone" value="Asia/Kolkata"/>
    <property name="java.awt.printerjob" value="sun.lwawt.macosx.CPrinterJob"/>
    <property name="java.specification.version" value="1.8"/>
    <property name="file.encoding" value="UTF-8"/>
    <property name="user.name" value="naveenautomationlabs"/>
    <property name="java.class.path" value="/usr/local/maven/apache-maven-3.6.3/boot/plexus-classworlds-2.6.0.jar"/>
    <property name="java.vm.specification.version" value="1.8"/>
    <property name="sun.arch.data.model" value="64"/>
    <property name="java.home" value="/Library/Java/JavaVirtualMachines/jdk1.8.0_261.jdk/Contents/Home/jre"/>
    <property name="sun.java.command" value="org.codehaus.plexus.classworlds.launcher.Launcher test"/>
    <property name="java.specification.vendor" value="Oracle Corporation"/>
    <property name="user.language" value="en"/>
    <property name="awt.toolkit" value="sun.lwawt.macosx.LWCToolkit"/>
    <property name="java.vm.info" value="mixed mode"/>
    <property name="java.version" value="1.8.0_261"/>
    <property name="java.ext.dirs" value="/Users/naveenautomationlabs/Library/Java/Extensions:/Library/Java/JavaVirtualMachines/jdk1.8.0_261.jdk/Contents/Home/jre/lib/ext:/Library/Java/Extensions:/Network/Library/Java/Extensions:/System/Library/Java/Extensions:/usr/lib/java"/>
    <property name="sun.boot.class.path" value="/Library/Java/JavaVirtualMachines/jdk1.8.0_261.jdk/Contents/Home/jre/lib/resources.jar:/Library/Java/JavaVirtualMachines/jdk1.8.0_261.jdk/Contents/Home/jre/lib/rt.jar:/Library/Java/JavaVirtualMachines/jdk1.8.0_261.jdk/Contents/Home/jre/lib/sunrsasign.jar:/Library/Java/JavaVirtualMachines/jdk1.8.0_261.jdk/Contents/Home/jre/lib/jsse.jar:/Library/Java/JavaVirtualMachines/jdk1.8.0_261.jdk/Contents/Home/jre/lib/jce.jar:/Library/Java/JavaVirtualMachines/jdk1.8.0_261.jdk/Contents/Home/jre/lib/charsets.jar:/Library/Java/JavaVirtualMachines/jdk1.8.0_261.jdk/Contents/Home/jre/lib/jfr.jar:/Library/Java/JavaVirtualMachines/jdk1.8.0_261.jdk/Contents/Home/jre/classes"/>
    <property name="java.vendor" value="Oracle Corporation"/>
    <property name="maven.home" value="/usr/local/maven/apache-maven-3.6.3"/>
    <property name="file.separator" value="/"/>
    <property name="java.vendor.url.bug" value="http://bugreport.sun.com/bugreport/"/>
    <property name="sun.cpu.endian" value="little"/>
    <property name="sun.io.unicode.encoding" value="UnicodeBig"/>
    <property name="socksNonProxyHosts" value="local|*.local|169.254/16|*.169.254/16"/>
    <property name="ftp.nonProxyHosts" value="local|*.local|169.254/16|*.169.254/16"/>
    <property name="sun.cpu.isalist" value=""/>
  </properties>
  <testcase name="verifyLoginPageTitleTest" classname="com.qa.hubspot.tests.LoginPageTest" time="0.44"/>
  <testcase name="verifyLoginPageTitleTest" classname="com.qa.hubspot.tests.LoginPageTest" time="0.265"/>
  <testcase name="verifyLoginPageTitleTest" classname="com.qa.hubspot.tests.LoginPageTest" time="0.259"/>
  <testcase name="verifyForgotPwdLinkTest" classname="com.qa.hubspot.tests.LoginPageTest" time="2.115"/>
  <testcase name="verifyForgotPwdLinkTest" classname="com.qa.hubspot.tests.LoginPageTest" time="1.723"/>
  <testcase name="verifyForgotPwdLinkTest" classname="com.qa.hubspot.tests.LoginPageTest" time="1.195"/>
  <testcase name="loginTest" classname="com.qa.hubspot.tests.LoginPageTest" time="1.64"/>
  <testcase name="loginTest" classname="com.qa.hubspot.tests.LoginPageTest" time="0.193"/>
  <testcase name="loginTest" classname="com.qa.hubspot.tests.LoginPageTest" time="2.342"/>
  <testcase name="verifyAccountsPageHeaderTest" classname="com.qa.hubspot.tests.AccountsPageTest" time="0.175"/>
  <testcase name="verifyAccountsPageHeaderTest" classname="com.qa.hubspot.tests.AccountsPageTest" time="3.114"/>
  <testcase name="verifyAccountsPageHeaderTest" classname="com.qa.hubspot.tests.AccountsPageTest" time="0.11"/>
  <testcase name="accountsPageTitleTest" classname="com.qa.hubspot.tests.AccountsPageTest" time="0.031"/>
  <testcase name="accountsPageTitleTest" classname="com.qa.hubspot.tests.AccountsPageTest" time="0.028"/>
  <testcase name="accountsPageTitleTest" classname="com.qa.hubspot.tests.AccountsPageTest" time="0.035"/>
  <testcase name="verifyMyAccountSectionsCountTest" classname="com.qa.hubspot.tests.AccountsPageTest" time="0.047"/>
  <testcase name="verifyMyAccountSectionsCountTest" classname="com.qa.hubspot.tests.AccountsPageTest" time="0.036"/>
  <testcase name="verifyMyAccountSectionsCountTest" classname="com.qa.hubspot.tests.AccountsPageTest" time="0.063"/>
  <testcase name="verifyMyAccountSectionsListTest" classname="com.qa.hubspot.tests.AccountsPageTest" time="0.304"/>
  <testcase name="verifyMyAccountSectionsListTest" classname="com.qa.hubspot.tests.AccountsPageTest" time="0.261"/>
  <testcase name="verifyMyAccountSectionsListTest" classname="com.qa.hubspot.tests.AccountsPageTest" time="0.119"/>
  <testcase name="searchTest" classname="com.qa.hubspot.tests.AccountsPageTest" time="3.466"/>
  <testcase name="searchTest" classname="com.qa.hubspot.tests.AccountsPageTest" time="6.762"/>
  <testcase name="searchTest" classname="com.qa.hubspot.tests.AccountsPageTest" time="6.944"/>
  <testcase name="ProductInforPageTitleTest_iMac" classname="com.qa.hubspot.tests.ProductInfoTest" time="8.001"/>
  <testcase name="ProductInforPageTitleTest_iMac" classname="com.qa.hubspot.tests.ProductInfoTest" time="0.476"/>
  <testcase name="ProductInforPageTitleTest_iMac" classname="com.qa.hubspot.tests.ProductInfoTest" time="0.961"/>
  <testcase name="verifyProductInfoTest_MacBook" classname="com.qa.hubspot.tests.ProductInfoTest" time="9.012"/>
  <testcase name="verifyProductInfoTest_MacBook" classname="com.qa.hubspot.tests.ProductInfoTest" time="0.313"/>
  <testcase name="verifyProductInfoTest_MacBook" classname="com.qa.hubspot.tests.ProductInfoTest" time="0.467"/>
  <testcase name="verifyProductInfoTest_iMac" classname="com.qa.hubspot.tests.ProductInfoTest" time="9.15"/>
  <testcase name="verifyProductInfoTest_iMac" classname="com.qa.hubspot.tests.ProductInfoTest" time="9.667"/>
  <testcase name="verifyProductInfoTest_iMac" classname="com.qa.hubspot.tests.ProductInfoTest" time="10.036"/>
</testsuite>