<?xml version="1.0" encoding="UTF-8"?>
<!-- Generated by org.testng.reporters.JUnitReportReporter -->
<testsuite skipped="0" hostname="naveenautomationlabss-MacBook-Pro.local" name="com.qa.hubspot.tests.AccountsPageTest" tests="15" failures="0" timestamp="08 Dec 2020 03:39:38 GMT" time="34.494" errors="0">
  <testcase name="verifyAccountsPageHeaderTest" time="3.914" classname="com.qa.hubspot.tests.AccountsPageTest"/>
  <testcase name="verifyAccountsPageHeaderTest" time="4.237" classname="com.qa.hubspot.tests.AccountsPageTest"/>
  <testcase name="verifyAccountsPageHeaderTest" time="3.864" classname="com.qa.hubspot.tests.AccountsPageTest"/>
  <testcase name="accountsPageTitleTest" time="0.028" classname="com.qa.hubspot.tests.AccountsPageTest"/>
  <testcase name="accountsPageTitleTest" time="0.031" classname="com.qa.hubspot.tests.AccountsPageTest"/>
  <testcase name="accountsPageTitleTest" time="0.035" classname="com.qa.hubspot.tests.AccountsPageTest"/>
  <testcase name="verifyMyAccountSectionsCountTest" time="0.036" classname="com.qa.hubspot.tests.AccountsPageTest"/>
  <testcase name="verifyMyAccountSectionsCountTest" time="0.062" classname="com.qa.hubspot.tests.AccountsPageTest"/>
  <testcase name="verifyMyAccountSectionsCountTest" time="0.047" classname="com.qa.hubspot.tests.AccountsPageTest"/>
  <testcase name="verifyMyAccountSectionsListTest" time="0.474" classname="com.qa.hubspot.tests.AccountsPageTest"/>
  <testcase name="verifyMyAccountSectionsListTest" time="0.303" classname="com.qa.hubspot.tests.AccountsPageTest"/>
  <testcase name="verifyMyAccountSectionsListTest" time="0.383" classname="com.qa.hubspot.tests.AccountsPageTest"/>
  <testcase name="searchTest" time="7.066" classname="com.qa.hubspot.tests.AccountsPageTest"/>
  <testcase name="searchTest" time="7.252" classname="com.qa.hubspot.tests.AccountsPageTest"/>
  <testcase name="searchTest" time="6.762" classname="com.qa.hubspot.tests.AccountsPageTest"/>
</testsuite> <!-- com.qa.hubspot.tests.AccountsPageTest -->
