<?xml version="1.0" encoding="UTF-8"?>
<!-- Generated by org.testng.reporters.JUnitReportReporter -->
<testsuite skipped="0" hostname="naveenautomationlabss-MacBook-Pro.local" name="com.qa.hubspot.tests.ProductInfoTest" tests="9" failures="0" timestamp="08 Dec 2020 03:39:38 GMT" time="90.225" errors="0">
  <testcase name="verifyProductInfoTest_MacBook" time="10.453" classname="com.qa.hubspot.tests.ProductInfoTest"/>
  <testcase name="ProductInforPageTitleTest_iMac" time="10.473" classname="com.qa.hubspot.tests.ProductInfoTest"/>
  <testcase name="verifyProductInfoTest_iMac" time="10.135" classname="com.qa.hubspot.tests.ProductInfoTest"/>
  <testcase name="verifyProductInfoTest_iMac" time="10.036" classname="com.qa.hubspot.tests.ProductInfoTest"/>
  <testcase name="ProductInforPageTitleTest_iMac" time="9.442" classname="com.qa.hubspot.tests.ProductInfoTest"/>
  <testcase name="verifyProductInfoTest_iMac" time="9.933" classname="com.qa.hubspot.tests.ProductInfoTest"/>
  <testcase name="verifyProductInfoTest_MacBook" time="9.795" classname="com.qa.hubspot.tests.ProductInfoTest"/>
  <testcase name="ProductInforPageTitleTest_iMac" time="9.669" classname="com.qa.hubspot.tests.ProductInfoTest"/>
  <testcase name="verifyProductInfoTest_MacBook" time="10.289" classname="com.qa.hubspot.tests.ProductInfoTest"/>
</testsuite> <!-- com.qa.hubspot.tests.ProductInfoTest -->
