<?xml version="1.0" encoding="UTF-8"?>
<!-- Generated by org.testng.reporters.JUnitReportReporter -->
<testsuite skipped="0" hostname="naveenautomationlabss-MacBook-Pro.local" name="com.qa.hubspot.tests.LoginPageTest" tests="9" failures="0" timestamp="08 Dec 2020 03:39:38 GMT" time="49.449" errors="0">
  <testcase name="verifyLoginPageTitleTest" time="0.439" classname="com.qa.hubspot.tests.LoginPageTest"/>
  <testcase name="verifyLoginPageTitleTest" time="0.258" classname="com.qa.hubspot.tests.LoginPageTest"/>
  <testcase name="verifyLoginPageTitleTest" time="0.265" classname="com.qa.hubspot.tests.LoginPageTest"/>
  <testcase name="verifyForgotPwdLinkTest" time="2.923" classname="com.qa.hubspot.tests.LoginPageTest"/>
  <testcase name="verifyForgotPwdLinkTest" time="2.115" classname="com.qa.hubspot.tests.LoginPageTest"/>
  <testcase name="verifyForgotPwdLinkTest" time="2.967" classname="com.qa.hubspot.tests.LoginPageTest"/>
  <testcase name="loginTest" time="13.990" classname="com.qa.hubspot.tests.LoginPageTest"/>
  <testcase name="loginTest" time="13.451" classname="com.qa.hubspot.tests.LoginPageTest"/>
  <testcase name="loginTest" time="13.041" classname="com.qa.hubspot.tests.LoginPageTest"/>
</testsuite> <!-- com.qa.hubspot.tests.LoginPageTest -->
